
Epoch: 1
Traceback (most recent call last):
  File "main.py", line 88, in <module>
    acc, auc, f1 = valid_func(model, loader_valid)
  File "/homes/n20darja/StageCesureCoeur/predict_tavi/Learning2D/train.py", line 67, in valid_func
    auc = roc_auc_score(gts,outputs)
  File "/homes/n20darja/.local/lib/python3.8/site-packages/sklearn/metrics/_ranking.py", line 550, in roc_auc_score
    y_score = check_array(y_score, ensure_2d=False)
  File "/homes/n20darja/.local/lib/python3.8/site-packages/sklearn/utils/validation.py", line 899, in check_array
    _assert_all_finite(
  File "/homes/n20darja/.local/lib/python3.8/site-packages/sklearn/utils/validation.py", line 146, in _assert_all_finite
    raise ValueError(msg_err)
ValueError: Input contains NaN.
Traceback (most recent call last):
  File "main.py", line 88, in <module>
    acc, auc, f1 = valid_func(model, loader_valid)
  File "/homes/n20darja/StageCesureCoeur/predict_tavi/Learning2D/train.py", line 67, in valid_func
    auc = roc_auc_score(gts,outputs)
  File "/homes/n20darja/.local/lib/python3.8/site-packages/sklearn/metrics/_ranking.py", line 550, in roc_auc_score
    y_score = check_array(y_score, ensure_2d=False)
  File "/homes/n20darja/.local/lib/python3.8/site-packages/sklearn/utils/validation.py", line 899, in check_array
    _assert_all_finite(
  File "/homes/n20darja/.local/lib/python3.8/site-packages/sklearn/utils/validation.py", line 146, in _assert_all_finite
    raise ValueError(msg_err)
ValueError: Input contains NaN.